<?xml version="1.0" encoding="UTF-8"?>
<!-- Generated by org.testng.reporters.JUnitXMLReporter -->
<testsuite ignored="1" hostname="DESKTOP-KUUKU2N" failures="0" tests="3" name="Test" time="14.579" errors="0" timestamp="2021-12-01T12:03:44 IST">
  <testcase classname="APITest.E_Commerse" name="login" time="8.588"/>
  <testcase classname="APITest.E_Commerse" name="allusers" time="4.132"/>
  <testcase classname="APITest.E_Commerse" name="del" time="1.775"/>
  <testcase classname="APITest.E_Commerse" name="signup" time="0.0">
    <ignored/>
  </testcase> <!-- signup -->
</testsuite> <!-- Test -->
