<?xml version="1.0" encoding="UTF-8"?>
<!-- Generated by org.testng.reporters.JUnitXMLReporter -->
<testsuite ignored="1" hostname="DESKTOP-KUUKU2N" failures="0" tests="3" name="Default test" time="17.251" errors="0" timestamp="2021-11-30T14:57:43 IST">
  <testcase classname="APITest.E_Commerse" name="login" time="11.408"/>
  <testcase classname="APITest.E_Commerse" name="allusers" time="3.752"/>
  <testcase classname="APITest.E_Commerse" name="del" time="1.976"/>
  <testcase classname="APITest.E_Commerse" name="signup" time="0.0">
    <ignored/>
  </testcase> <!-- signup -->
</testsuite> <!-- Default test -->
